InnoDB: using atomic writes.
2020-05-02 20:45:18 0 [Note] InnoDB: Mutexes and rw_locks use Windows interlocked functions
2020-05-02 20:45:18 0 [Note] InnoDB: Uses event mutexes
2020-05-02 20:45:18 0 [Note] InnoDB: Compressed tables use zlib 1.2.11
2020-05-02 20:45:18 0 [Note] InnoDB: Number of pools: 1
2020-05-02 20:45:18 0 [Note] InnoDB: Using SSE2 crc32 instructions
2020-05-02 20:45:18 0 [Note] InnoDB: Initializing buffer pool, total size = 16M, instances = 1, chunk size = 16M
2020-05-02 20:45:18 0 [Note] InnoDB: Completed initialization of buffer pool
2020-05-02 20:45:19 0 [Note] InnoDB: Starting crash recovery from checkpoint LSN=300288
2020-05-02 20:45:21 0 [Note] InnoDB: 128 out of 128 rollback segments are active.
2020-05-02 20:45:21 0 [Note] InnoDB: Removed temporary tablespace data file: "ibtmp1"
2020-05-02 20:45:21 0 [Note] InnoDB: Creating shared tablespace for temporary tables
2020-05-02 20:45:21 0 [Note] InnoDB: Setting file 'C:\xampp\mysql\data\ibtmp1' size to 12 MB. Physically writing the file full; Please wait ...
2020-05-02 20:45:21 0 [Note] InnoDB: File 'C:\xampp\mysql\data\ibtmp1' size is now 12 MB.
2020-05-02 20:45:21 0 [Note] InnoDB: Waiting for purge to start
2020-05-02 20:45:21 0 [Note] InnoDB: 10.4.10 started; log sequence number 300297; transaction id 171
2020-05-02 20:45:21 0 [Note] InnoDB: Loading buffer pool(s) from C:\xampp\mysql\data\ib_buffer_pool
2020-05-02 20:45:21 0 [Note] Plugin 'FEEDBACK' is disabled.
2020-05-02 20:45:21 0 [Note] Server socket created on IP: '::'.
InnoDB: using atomic writes.
2020-05-02 22:55:47 0 [Note] InnoDB: Mutexes and rw_locks use Windows interlocked functions
2020-05-02 22:55:47 0 [Note] InnoDB: Uses event mutexes
2020-05-02 22:55:47 0 [Note] InnoDB: Compressed tables use zlib 1.2.11
2020-05-02 22:55:47 0 [Note] InnoDB: Number of pools: 1
2020-05-02 22:55:47 0 [Note] InnoDB: Using SSE2 crc32 instructions
2020-05-02 22:55:47 0 [Note] InnoDB: Initializing buffer pool, total size = 16M, instances = 1, chunk size = 16M
2020-05-02 22:55:47 0 [Note] InnoDB: Completed initialization of buffer pool
2020-05-02 22:55:49 0 [Note] InnoDB: Starting crash recovery from checkpoint LSN=374590
2020-05-02 22:55:50 0 [Note] InnoDB: 128 out of 128 rollback segments are active.
2020-05-02 22:55:50 0 [Note] InnoDB: Removed temporary tablespace data file: "ibtmp1"
2020-05-02 22:55:50 0 [Note] InnoDB: Creating shared tablespace for temporary tables
2020-05-02 22:55:50 0 [Note] InnoDB: Setting file 'C:\xampp\mysql\data\ibtmp1' size to 12 MB. Physically writing the file full; Please wait ...
2020-05-02 22:55:50 0 [Note] InnoDB: File 'C:\xampp\mysql\data\ibtmp1' size is now 12 MB.
2020-05-02 22:55:50 0 [Note] InnoDB: Waiting for purge to start
2020-05-02 22:55:50 0 [Note] InnoDB: 10.4.10 started; log sequence number 374599; transaction id 327
2020-05-02 22:55:50 0 [Note] InnoDB: Loading buffer pool(s) from C:\xampp\mysql\data\ib_buffer_pool
2020-05-02 22:55:50 0 [Note] Plugin 'FEEDBACK' is disabled.
2020-05-02 22:55:50 0 [Note] Server socket created on IP: '::'.
InnoDB: using atomic writes.
2020-05-03 13:18:42 0 [Note] InnoDB: Mutexes and rw_locks use Windows interlocked functions
2020-05-03 13:18:42 0 [Note] InnoDB: Uses event mutexes
2020-05-03 13:18:42 0 [Note] InnoDB: Compressed tables use zlib 1.2.11
2020-05-03 13:18:42 0 [Note] InnoDB: Number of pools: 1
2020-05-03 13:18:42 0 [Note] InnoDB: Using SSE2 crc32 instructions
2020-05-03 13:18:42 0 [Note] InnoDB: Initializing buffer pool, total size = 16M, instances = 1, chunk size = 16M
2020-05-03 13:18:42 0 [Note] InnoDB: Completed initialization of buffer pool
2020-05-03 13:18:42 0 [Note] InnoDB: Starting crash recovery from checkpoint LSN=393986
2020-05-03 13:18:44 0 [Note] InnoDB: 128 out of 128 rollback segments are active.
2020-05-03 13:18:44 0 [Note] InnoDB: Removed temporary tablespace data file: "ibtmp1"
2020-05-03 13:18:44 0 [Note] InnoDB: Creating shared tablespace for temporary tables
2020-05-03 13:18:44 0 [Note] InnoDB: Setting file 'C:\xampp\mysql\data\ibtmp1' size to 12 MB. Physically writing the file full; Please wait ...
2020-05-03 13:18:44 0 [Note] InnoDB: File 'C:\xampp\mysql\data\ibtmp1' size is now 12 MB.
2020-05-03 13:18:44 0 [Note] InnoDB: Waiting for purge to start
2020-05-03 13:18:44 0 [Note] InnoDB: 10.4.10 started; log sequence number 393995; transaction id 411
2020-05-03 13:18:44 0 [Note] InnoDB: Loading buffer pool(s) from C:\xampp\mysql\data\ib_buffer_pool
2020-05-03 13:18:44 0 [Note] Plugin 'FEEDBACK' is disabled.
2020-05-03 13:18:44 0 [Note] Server socket created on IP: '::'.
InnoDB: using atomic writes.
2020-05-03 21:11:13 0 [Note] InnoDB: Mutexes and rw_locks use Windows interlocked functions
2020-05-03 21:11:13 0 [Note] InnoDB: Uses event mutexes
2020-05-03 21:11:13 0 [Note] InnoDB: Compressed tables use zlib 1.2.11
2020-05-03 21:11:13 0 [Note] InnoDB: Number of pools: 1
2020-05-03 21:11:13 0 [Note] InnoDB: Using SSE2 crc32 instructions
2020-05-03 21:11:13 0 [Note] InnoDB: Initializing buffer pool, total size = 16M, instances = 1, chunk size = 16M
2020-05-03 21:11:13 0 [Note] InnoDB: Completed initialization of buffer pool
2020-05-03 21:11:13 0 [Note] InnoDB: Starting crash recovery from checkpoint LSN=394004
2020-05-03 21:11:14 0 [Note] InnoDB: 128 out of 128 rollback segments are active.
2020-05-03 21:11:14 0 [Note] InnoDB: Removed temporary tablespace data file: "ibtmp1"
2020-05-03 21:11:14 0 [Note] InnoDB: Creating shared tablespace for temporary tables
2020-05-03 21:11:14 0 [Note] InnoDB: Setting file 'C:\xampp\mysql\data\ibtmp1' size to 12 MB. Physically writing the file full; Please wait ...
2020-05-03 21:11:14 0 [Note] InnoDB: File 'C:\xampp\mysql\data\ibtmp1' size is now 12 MB.
2020-05-03 21:11:14 0 [Note] InnoDB: Waiting for purge to start
2020-05-03 21:11:14 0 [Note] InnoDB: 10.4.10 started; log sequence number 394013; transaction id 411
2020-05-03 21:11:14 0 [Note] InnoDB: Loading buffer pool(s) from C:\xampp\mysql\data\ib_buffer_pool
2020-05-03 21:11:14 0 [Note] Plugin 'FEEDBACK' is disabled.
2020-05-03 21:11:14 0 [Note] Server socket created on IP: '::'.
InnoDB: using atomic writes.
2020-05-07  7:41:58 0 [Note] InnoDB: Mutexes and rw_locks use Windows interlocked functions
2020-05-07  7:41:58 0 [Note] InnoDB: Uses event mutexes
2020-05-07  7:41:58 0 [Note] InnoDB: Compressed tables use zlib 1.2.11
2020-05-07  7:41:58 0 [Note] InnoDB: Number of pools: 1
2020-05-07  7:41:58 0 [Note] InnoDB: Using SSE2 crc32 instructions
2020-05-07  7:41:58 0 [Note] InnoDB: Initializing buffer pool, total size = 16M, instances = 1, chunk size = 16M
2020-05-07  7:41:58 0 [Note] InnoDB: Completed initialization of buffer pool
2020-05-07  7:41:59 0 [Note] InnoDB: Starting crash recovery from checkpoint LSN=398953
2020-05-07  7:42:00 0 [Note] InnoDB: 128 out of 128 rollback segments are active.
2020-05-07  7:42:01 0 [Note] InnoDB: Removed temporary tablespace data file: "ibtmp1"
2020-05-07  7:42:01 0 [Note] InnoDB: Creating shared tablespace for temporary tables
2020-05-07  7:42:01 0 [Note] InnoDB: Setting file 'C:\xampp\mysql\data\ibtmp1' size to 12 MB. Physically writing the file full; Please wait ...
2020-05-07  7:42:01 0 [Note] InnoDB: File 'C:\xampp\mysql\data\ibtmp1' size is now 12 MB.
2020-05-07  7:42:01 0 [Note] InnoDB: Waiting for purge to start
2020-05-07  7:42:01 0 [Note] InnoDB: 10.4.10 started; log sequence number 398962; transaction id 451
2020-05-07  7:42:01 0 [Note] InnoDB: Loading buffer pool(s) from C:\xampp\mysql\data\ib_buffer_pool
2020-05-07  7:42:01 0 [Note] Plugin 'FEEDBACK' is disabled.
2020-05-07  7:42:01 0 [Note] Server socket created on IP: '::'.
